-------------------------------------------------------------------------------
Test set: InjectedTest
-------------------------------------------------------------------------------
Tests run: 5, Failures: 0, Errors: 5, Skipped: 0, Time elapsed: 0.522 s <<< FAILURE! - in InjectedTest
initializationError(InjectedTest)  Time elapsed: 0.012 s  <<< ERROR!
java.lang.NoSuchMethodError: com.google.common.collect.ImmutableSet.copyOf([Ljava/lang/Object;)Lcom/google/common/collect/ImmutableSet;
	at hudson.security.PermissionScope.<init>(PermissionScope.java:72)
	at hudson.security.PermissionScope.<clinit>(PermissionScope.java:97)
	at hudson.security.Permission.<init>(Permission.java:187)
	at hudson.security.Permission.<clinit>(Permission.java:311)
	at hudson.PluginManager.<clinit>(PluginManager.java:1930)
	at org.jvnet.hudson.test.HudsonTestCase.<init>(HudsonTestCase.java:253)
	at org.jvnet.hudson.test.JellyTestSuiteBuilder$JellyTestSuite$1.<init>(JellyTestSuiteBuilder.java:139)
	at org.jvnet.hudson.test.JellyTestSuiteBuilder$JellyTestSuite.<init>(JellyTestSuiteBuilder.java:139)
	at org.jvnet.hudson.test.JellyTestSuiteBuilder$JellyTestSuite.<init>(JellyTestSuiteBuilder.java:138)
	at org.jvnet.hudson.test.JellyTestSuiteBuilder.build(JellyTestSuiteBuilder.java:80)
	at org.jvnet.hudson.test.PluginAutomaticTestBuilder.build(PluginAutomaticTestBuilder.java:63)
	at InjectedTest.suite(InjectedTest.java:17)
	at sun.reflect.NativeMethodAccessorImpl.invoke0(Native Method)
	at sun.reflect.NativeMethodAccessorImpl.invoke(NativeMethodAccessorImpl.java:62)
	at sun.reflect.DelegatingMethodAccessorImpl.invoke(DelegatingMethodAccessorImpl.java:43)
	at java.lang.reflect.Method.invoke(Method.java:498)
	at org.junit.internal.runners.SuiteMethod.testFromSuiteMethod(SuiteMethod.java:35)
	at org.junit.internal.runners.SuiteMethod.<init>(SuiteMethod.java:24)
	at org.junit.internal.builders.SuiteMethodBuilder.runnerForClass(SuiteMethodBuilder.java:11)
	at org.junit.runners.model.RunnerBuilder.safeRunnerForClass(RunnerBuilder.java:59)
	at org.junit.internal.builders.AllDefaultPossibilitiesBuilder.runnerForClass(AllDefaultPossibilitiesBuilder.java:26)
	at org.junit.runners.model.RunnerBuilder.safeRunnerForClass(RunnerBuilder.java:59)
	at org.junit.internal.requests.ClassRequest.getRunner(ClassRequest.java:33)
	at org.apache.maven.surefire.junit4.JUnit4Provider.execute(JUnit4Provider.java:362)
	at org.apache.maven.surefire.junit4.JUnit4Provider.executeWithRerun(JUnit4Provider.java:272)
	at org.apache.maven.surefire.junit4.JUnit4Provider.executeTestSet(JUnit4Provider.java:236)
	at org.apache.maven.surefire.junit4.JUnit4Provider.invoke(JUnit4Provider.java:159)
	at org.apache.maven.surefire.booter.ForkedBooter.invokeProviderInSameClassLoader(ForkedBooter.java:386)
	at org.apache.maven.surefire.booter.ForkedBooter.runSuitesInProcess(ForkedBooter.java:323)
	at org.apache.maven.surefire.booter.ForkedBooter.main(ForkedBooter.java:143)

initializationError(InjectedTest)  Time elapsed: 0.001 s  <<< ERROR!
java.lang.NoClassDefFoundError: Could not initialize class org.jvnet.hudson.test.TestPluginManager
	at org.jvnet.hudson.test.HudsonTestCase.<init>(HudsonTestCase.java:253)
	at org.jvnet.hudson.test.JellyTestSuiteBuilder$JellyTestSuite$1.<init>(JellyTestSuiteBuilder.java:139)
	at org.jvnet.hudson.test.JellyTestSuiteBuilder$JellyTestSuite.<init>(JellyTestSuiteBuilder.java:139)
	at org.jvnet.hudson.test.JellyTestSuiteBuilder$JellyTestSuite.<init>(JellyTestSuiteBuilder.java:138)
	at org.jvnet.hudson.test.JellyTestSuiteBuilder.build(JellyTestSuiteBuilder.java:80)
	at org.jvnet.hudson.test.PluginAutomaticTestBuilder.build(PluginAutomaticTestBuilder.java:63)
	at InjectedTest.suite(InjectedTest.java:17)
	at sun.reflect.NativeMethodAccessorImpl.invoke0(Native Method)
	at sun.reflect.NativeMethodAccessorImpl.invoke(NativeMethodAccessorImpl.java:62)
	at sun.reflect.DelegatingMethodAccessorImpl.invoke(DelegatingMethodAccessorImpl.java:43)
	at java.lang.reflect.Method.invoke(Method.java:498)
	at org.junit.internal.runners.SuiteMethod.testFromSuiteMethod(SuiteMethod.java:35)
	at org.junit.internal.runners.SuiteMethod.<init>(SuiteMethod.java:24)
	at org.junit.internal.builders.SuiteMethodBuilder.runnerForClass(SuiteMethodBuilder.java:11)
	at org.junit.runners.model.RunnerBuilder.safeRunnerForClass(RunnerBuilder.java:59)
	at org.junit.internal.builders.AllDefaultPossibilitiesBuilder.runnerForClass(AllDefaultPossibilitiesBuilder.java:26)
	at org.junit.runners.model.RunnerBuilder.safeRunnerForClass(RunnerBuilder.java:59)
	at org.junit.internal.requests.ClassRequest.getRunner(ClassRequest.java:33)
	at org.junit.internal.requests.FilterRequest.getRunner(FilterRequest.java:36)
	at org.apache.maven.surefire.junit4.JUnit4Provider.executeFailedMethod(JUnit4Provider.java:379)
	at org.apache.maven.surefire.junit4.JUnit4Provider.executeWithRerun(JUnit4Provider.java:290)
	at org.apache.maven.surefire.junit4.JUnit4Provider.executeTestSet(JUnit4Provider.java:236)
	at org.apache.maven.surefire.junit4.JUnit4Provider.invoke(JUnit4Provider.java:159)
	at org.apache.maven.surefire.booter.ForkedBooter.invokeProviderInSameClassLoader(ForkedBooter.java:386)
	at org.apache.maven.surefire.booter.ForkedBooter.runSuitesInProcess(ForkedBooter.java:323)
	at org.apache.maven.surefire.booter.ForkedBooter.main(ForkedBooter.java:143)

initializationError(InjectedTest)  Time elapsed: 0.008 s  <<< ERROR!
java.lang.NoClassDefFoundError: Could not initialize class org.jvnet.hudson.test.TestPluginManager
	at org.jvnet.hudson.test.HudsonTestCase.<init>(HudsonTestCase.java:253)
	at org.jvnet.hudson.test.JellyTestSuiteBuilder$JellyTestSuite$1.<init>(JellyTestSuiteBuilder.java:139)
	at org.jvnet.hudson.test.JellyTestSuiteBuilder$JellyTestSuite.<init>(JellyTestSuiteBuilder.java:139)
	at org.jvnet.hudson.test.JellyTestSuiteBuilder$JellyTestSuite.<init>(JellyTestSuiteBuilder.java:138)
	at org.jvnet.hudson.test.JellyTestSuiteBuilder.build(JellyTestSuiteBuilder.java:80)
	at org.jvnet.hudson.test.PluginAutomaticTestBuilder.build(PluginAutomaticTestBuilder.java:63)
	at InjectedTest.suite(InjectedTest.java:17)
	at sun.reflect.NativeMethodAccessorImpl.invoke0(Native Method)
	at sun.reflect.NativeMethodAccessorImpl.invoke(NativeMethodAccessorImpl.java:62)
	at sun.reflect.DelegatingMethodAccessorImpl.invoke(DelegatingMethodAccessorImpl.java:43)
	at java.lang.reflect.Method.invoke(Method.java:498)
	at org.junit.internal.runners.SuiteMethod.testFromSuiteMethod(SuiteMethod.java:35)
	at org.junit.internal.runners.SuiteMethod.<init>(SuiteMethod.java:24)
	at org.junit.internal.builders.SuiteMethodBuilder.runnerForClass(SuiteMethodBuilder.java:11)
	at org.junit.runners.model.RunnerBuilder.safeRunnerForClass(RunnerBuilder.java:59)
	at org.junit.internal.builders.AllDefaultPossibilitiesBuilder.runnerForClass(AllDefaultPossibilitiesBuilder.java:26)
	at org.junit.runners.model.RunnerBuilder.safeRunnerForClass(RunnerBuilder.java:59)
	at org.junit.internal.requests.ClassRequest.getRunner(ClassRequest.java:33)
	at org.junit.internal.requests.FilterRequest.getRunner(FilterRequest.java:36)
	at org.apache.maven.surefire.junit4.JUnit4Provider.executeFailedMethod(JUnit4Provider.java:379)
	at org.apache.maven.surefire.junit4.JUnit4Provider.executeWithRerun(JUnit4Provider.java:290)
	at org.apache.maven.surefire.junit4.JUnit4Provider.executeTestSet(JUnit4Provider.java:236)
	at org.apache.maven.surefire.junit4.JUnit4Provider.invoke(JUnit4Provider.java:159)
	at org.apache.maven.surefire.booter.ForkedBooter.invokeProviderInSameClassLoader(ForkedBooter.java:386)
	at org.apache.maven.surefire.booter.ForkedBooter.runSuitesInProcess(ForkedBooter.java:323)
	at org.apache.maven.surefire.booter.ForkedBooter.main(ForkedBooter.java:143)

initializationError(InjectedTest)  Time elapsed: 0.001 s  <<< ERROR!
java.lang.NoClassDefFoundError: Could not initialize class org.jvnet.hudson.test.TestPluginManager
	at org.jvnet.hudson.test.HudsonTestCase.<init>(HudsonTestCase.java:253)
	at org.jvnet.hudson.test.JellyTestSuiteBuilder$JellyTestSuite$1.<init>(JellyTestSuiteBuilder.java:139)
	at org.jvnet.hudson.test.JellyTestSuiteBuilder$JellyTestSuite.<init>(JellyTestSuiteBuilder.java:139)
	at org.jvnet.hudson.test.JellyTestSuiteBuilder$JellyTestSuite.<init>(JellyTestSuiteBuilder.java:138)
	at org.jvnet.hudson.test.JellyTestSuiteBuilder.build(JellyTestSuiteBuilder.java:80)
	at org.jvnet.hudson.test.PluginAutomaticTestBuilder.build(PluginAutomaticTestBuilder.java:63)
	at InjectedTest.suite(InjectedTest.java:17)
	at sun.reflect.NativeMethodAccessorImpl.invoke0(Native Method)
	at sun.reflect.NativeMethodAccessorImpl.invoke(NativeMethodAccessorImpl.java:62)
	at sun.reflect.DelegatingMethodAccessorImpl.invoke(DelegatingMethodAccessorImpl.java:43)
	at java.lang.reflect.Method.invoke(Method.java:498)
	at org.junit.internal.runners.SuiteMethod.testFromSuiteMethod(SuiteMethod.java:35)
	at org.junit.internal.runners.SuiteMethod.<init>(SuiteMethod.java:24)
	at org.junit.internal.builders.SuiteMethodBuilder.runnerForClass(SuiteMethodBuilder.java:11)
	at org.junit.runners.model.RunnerBuilder.safeRunnerForClass(RunnerBuilder.java:59)
	at org.junit.internal.builders.AllDefaultPossibilitiesBuilder.runnerForClass(AllDefaultPossibilitiesBuilder.java:26)
	at org.junit.runners.model.RunnerBuilder.safeRunnerForClass(RunnerBuilder.java:59)
	at org.junit.internal.requests.ClassRequest.getRunner(ClassRequest.java:33)
	at org.junit.internal.requests.FilterRequest.getRunner(FilterRequest.java:36)
	at org.apache.maven.surefire.junit4.JUnit4Provider.executeFailedMethod(JUnit4Provider.java:379)
	at org.apache.maven.surefire.junit4.JUnit4Provider.executeWithRerun(JUnit4Provider.java:290)
	at org.apache.maven.surefire.junit4.JUnit4Provider.executeTestSet(JUnit4Provider.java:236)
	at org.apache.maven.surefire.junit4.JUnit4Provider.invoke(JUnit4Provider.java:159)
	at org.apache.maven.surefire.booter.ForkedBooter.invokeProviderInSameClassLoader(ForkedBooter.java:386)
	at org.apache.maven.surefire.booter.ForkedBooter.runSuitesInProcess(ForkedBooter.java:323)
	at org.apache.maven.surefire.booter.ForkedBooter.main(ForkedBooter.java:143)

initializationError(InjectedTest)  Time elapsed: 0 s  <<< ERROR!
java.lang.NoClassDefFoundError: Could not initialize class org.jvnet.hudson.test.TestPluginManager
	at org.jvnet.hudson.test.HudsonTestCase.<init>(HudsonTestCase.java:253)
	at org.jvnet.hudson.test.JellyTestSuiteBuilder$JellyTestSuite$1.<init>(JellyTestSuiteBuilder.java:139)
	at org.jvnet.hudson.test.JellyTestSuiteBuilder$JellyTestSuite.<init>(JellyTestSuiteBuilder.java:139)
	at org.jvnet.hudson.test.JellyTestSuiteBuilder$JellyTestSuite.<init>(JellyTestSuiteBuilder.java:138)
	at org.jvnet.hudson.test.JellyTestSuiteBuilder.build(JellyTestSuiteBuilder.java:80)
	at org.jvnet.hudson.test.PluginAutomaticTestBuilder.build(PluginAutomaticTestBuilder.java:63)
	at InjectedTest.suite(InjectedTest.java:17)
	at sun.reflect.NativeMethodAccessorImpl.invoke0(Native Method)
	at sun.reflect.NativeMethodAccessorImpl.invoke(NativeMethodAccessorImpl.java:62)
	at sun.reflect.DelegatingMethodAccessorImpl.invoke(DelegatingMethodAccessorImpl.java:43)
	at java.lang.reflect.Method.invoke(Method.java:498)
	at org.junit.internal.runners.SuiteMethod.testFromSuiteMethod(SuiteMethod.java:35)
	at org.junit.internal.runners.SuiteMethod.<init>(SuiteMethod.java:24)
	at org.junit.internal.builders.SuiteMethodBuilder.runnerForClass(SuiteMethodBuilder.java:11)
	at org.junit.runners.model.RunnerBuilder.safeRunnerForClass(RunnerBuilder.java:59)
	at org.junit.internal.builders.AllDefaultPossibilitiesBuilder.runnerForClass(AllDefaultPossibilitiesBuilder.java:26)
	at org.junit.runners.model.RunnerBuilder.safeRunnerForClass(RunnerBuilder.java:59)
	at org.junit.internal.requests.ClassRequest.getRunner(ClassRequest.java:33)
	at org.junit.internal.requests.FilterRequest.getRunner(FilterRequest.java:36)
	at org.apache.maven.surefire.junit4.JUnit4Provider.executeFailedMethod(JUnit4Provider.java:379)
	at org.apache.maven.surefire.junit4.JUnit4Provider.executeWithRerun(JUnit4Provider.java:290)
	at org.apache.maven.surefire.junit4.JUnit4Provider.executeTestSet(JUnit4Provider.java:236)
	at org.apache.maven.surefire.junit4.JUnit4Provider.invoke(JUnit4Provider.java:159)
	at org.apache.maven.surefire.booter.ForkedBooter.invokeProviderInSameClassLoader(ForkedBooter.java:386)
	at org.apache.maven.surefire.booter.ForkedBooter.runSuitesInProcess(ForkedBooter.java:323)
	at org.apache.maven.surefire.booter.ForkedBooter.main(ForkedBooter.java:143)

